make all --print-data-base --no-builtin-variables --no-builtin-rules --question
make: *** No rule to make target 'all'.  Stop.

# GNU Make 4.2.1
# Built for x86_64-pc-linux-gnu
# Copyright (C) 1988-2016 Free Software Foundation, Inc.
# License GPLv3+: GNU GPL version 3 or later <http://gnu.org/licenses/gpl.html>
# This is free software: you are free to change and redistribute it.
# There is NO WARRANTY, to the extent permitted by law.

# Make data base, printed on Sat May 14 14:18:32 2022

# Variables

# automatic
<D = $(patsubst %/,%,$(dir $<))
# automatic
?F = $(notdir $?)
# environment
MKL_DEBUG_CPU_TYPE = 5
# default
.SHELLFLAGS := -c
# environment
XDG_SESSION_CLASS = user
# environment
XDG_SESSION_TYPE = x11
# environment
VSCODE_LOG_NATIVE = false
# automatic
?D = $(patsubst %/,%,$(dir $?))
# environment
IM_CONFIG_PHASE = 1
# automatic
@D = $(patsubst %/,%,$(dir $@))
# environment
XAUTHORITY = /home/eagleflag/.Xauthority
# environment
GDMSESSION = ubuntu
# environment
XMODIFIERS = @im=ibus
# environment
TVM_HOME = /work/tools/tvm
# makefile
SHELL = /bin/sh
# environment
GDM_LANG = en_US
# environment
VSCODE_NLS_CONFIG = {"locale":"en-us","availableLanguages":{},"_languagePackSupport":true}
# environment
_ = /usr/share/code/code
# environment
JOURNAL_STREAM = 8:125317
# environment
XDG_CONFIG_DIRS = /etc/xdg/xdg-ubuntu:/etc/xdg
# makefile
MAKEFILE_LIST := 
# automatic
@F = $(notdir $@)
# environment
GIO_LAUNCHED_DESKTOP_FILE = /usr/share/applications/code.desktop
# 'override' directive
GNUMAKEFLAGS := 
# environment
MAKELEVEL := 0
# environment
MANDATORY_PATH = /usr/share/gconf/ubuntu.mandatory.path
# environment
XDG_DATA_DIRS = /usr/share/ubuntu:/usr/local/share/:/usr/share/
# environment
ROS_ETC_DIR = /opt/ros/noetic/etc/ros
# environment
DBUS_SESSION_BUS_ADDRESS = unix:path=/run/user/1000/bus
# environment
VSCODE_VERBOSE_LOGGING = true
# environment
ROS_PACKAGE_PATH = /opt/ros/noetic/share:/work/Onedrive/Personal_Projects/object-dynamic-slam/Examples/ROS:/work/tools/ORB_SLAM2_detailed_comments/Examples/ROS
# environment
MANAGERPID = 3299
# environment
ROS_PYTHON_VERSION = 3
# environment
LESSOPEN = | /usr/bin/lesspipe %s
# environment
LC_NAME = zh_CN.UTF-8
# environment
VSCODE_CWD = /home/eagleflag
# environment
XDG_SESSION_PATH = /org/freedesktop/DisplayManager/Session0
# default
MAKE_HOST := x86_64-pc-linux-gnu
# environment
PATH = /home/eagleflag/.local/bin:/work/miniconda3/condabin:/home/eagleflag/.pyenv/shims:/home/eagleflag/.pyenv/bin:/opt/ros/noetic/bin:/work/tools/llvm/clang+llvm-11.0.0-x86_64-linux-gnu-ubuntu-20.04/bin:/usr/local/cuda-11.3/bin:/home/eagleflag/.local/bin:/usr/local/sbin:/usr/local/bin:/usr/sbin:/usr/bin:/sbin:/bin:/usr/games:/usr/local/games:/snap/bin
# environment
XDG_SESSION_DESKTOP = ubuntu
# environment
GPG_AGENT_INFO = /run/user/1000/gnupg/S.gpg-agent:0:1
# environment
GJS_DEBUG_OUTPUT = stderr
# environment
SESSION_MANAGER = local/eagleflag-Legion:@/tmp/.ICE-unix/3573,unix/eagleflag-Legion:/tmp/.ICE-unix/3573
# makefile
CURDIR := /work/tools/catkin_ws_orbslam3
# environment
XDG_RUNTIME_DIR = /run/user/1000
# environment
ROS_ROOT = /opt/ros/noetic/share/ros
# environment
XDG_MENU_PREFIX = gnome-
# environment
VSCODE_LOG_STACK = false
# environment
ELECTRON_RUN_AS_NODE = 1
# environment
PYENV_ROOT = /home/eagleflag/.pyenv
# environment
INVOCATION_ID = 3cede7acebe04d27b7e00b78a189ef6d
# default
.FEATURES := target-specific order-only second-expansion else-if shortest-stem undefine oneshell archives jobserver output-sync check-symlink load
# environment
CMAKE_PREFIX_PATH = /opt/ros/noetic
# environment
XDG_GREETER_DATA_DIR = /var/lib/lightdm-data/eagleflag
# environment
LS_COLORS = 
# environment
ROS_DISTRO = noetic
# environment
SSH_AUTH_SOCK = /run/user/1000/keyring/ssh
# environment
GIO_LAUNCHED_DESKTOP_FILE_PID = 10727
# automatic
%F = $(notdir $%)
# environment
DISPLAY = :0
# environment
CONDA_EXE = /work/miniconda3/bin/conda
# environment
VSCODE_PIPE_LOGGING = true
# environment
PWD = /work/tools/catkin_ws_orbslam3
# default
.LOADED := 
# environment
GTK_PATH = =/usr/lib/x86_64-linux-gnu/gtk-3.0:/work/tools/llvm/clang+llvm-11.0.0-x86_64-linux-gnu-ubuntu-20.04/bin:/usr/local/cuda-11.3/bin:/home/eagleflag/.local/bin:/usr/local/sbin:/usr/local/bin:/usr/sbin:/usr/bin:/sbin:/bin:/usr/games:/usr/local/games:/snap/bin
# environment
SSH_AGENT_PID = 3484
# environment
PKG_CONFIG_PATH = /opt/ros/noetic/lib/pkgconfig
# environment
ORIGINAL_XDG_CURRENT_DESKTOP = ubuntu:GNOME
# environment
GTK_MODULES = gail:atk-bridge
# environment
VSCODE_AMD_ENTRYPOINT = vs/workbench/api/node/extensionHostProcess
# environment
HOME = /home/eagleflag
# environment
LD_LIBRARY_PATH = /opt/ros/noetic/lib:/usr/local/cuda-11.3/lib64:/work/tools/TensorRT-8.0.3.4/lib
# environment
LESSCLOSE = /usr/bin/lesspipe %s %s
# environment
VSCODE_CODE_CACHE_PATH = /home/eagleflag/.config/Code/CachedData/57fd6d0195bb9b9d1b49f6da5db789060795de47
# environment
LOGNAME = eagleflag
# environment
APPLICATION_INSIGHTS_NO_DIAGNOSTIC_CHANNEL = 1
# automatic
+F = $(notdir $+)
# environment
VSCODE_HANDLES_UNCAUGHT_ERRORS = true
# environment
GNOME_DESKTOP_SESSION_ID = this-is-deprecated
# automatic
^D = $(patsubst %/,%,$(dir $^))
# environment
LC_TIME = zh_CN.UTF-8
# default
MAKE = $(MAKE_COMMAND)
# default
MAKECMDGOALS := all
# environment
QT_IM_MODULE = ibus
# environment
SHLVL = 0
# environment
GNOME_SHELL_SESSION_MODE = ubuntu
# environment
VSCODE_IPC_HOOK_EXTHOST = /run/user/1000/vscode-ipc-ae45aa13-05f7-42f1-9760-34c1ec183b4c.sock
# default
MAKE_VERSION := 4.2.1
# environment
USER = eagleflag
# environment
LC_MONETARY = zh_CN.UTF-8
# makefile
.DEFAULT_GOAL := 
# environment
XDG_CURRENT_DESKTOP = Unity
# environment
LIBVIRT_DEFAULT_URI = qemu:///system
# environment
ROSLISP_PACKAGE_DIRECTORIES = 
# automatic
%D = $(patsubst %/,%,$(dir $%))
# environment
LC_TELEPHONE = zh_CN.UTF-8
# environment
CONDA_SHLVL = 0
# default
MAKE_COMMAND := make
# default
.VARIABLES := 
# automatic
*F = $(notdir $*)
# environment
LANGUAGE = en_US
# environment
XDG_SEAT_PATH = /org/freedesktop/DisplayManager/Seat0
# environment
VSCODE_IPC_HOOK = /run/user/1000/vscode-3f7f7b95-1.67.0-main.sock
# environment
PYTHONPATH = /work/tools/CARLA/PythonAPI/carla/dist/carla-0.9.9-py3.7-linux-x86_64.egg:/opt/ros/noetic/lib/python3/dist-packages:/work/tools/tvm/python:/work/tools/tvm/topi/python:
# makefile
MAKEFLAGS = pqrR
# environment
MFLAGS = -pqrR
# automatic
*D = $(patsubst %/,%,$(dir $*))
# environment
ROS_VERSION = 1
# automatic
+D = $(patsubst %/,%,$(dir $+))
# environment
GDK_BACKEND = x11
# environment
LC_PAPER = zh_CN.UTF-8
# environment
CARLA_HOME = /work/tools/CARLA/PythonAPI/carla/dist
# environment
QT_ACCESSIBILITY = 1
# environment
CUDA_HOME = /usr/local/cuda
# environment
DEFAULTS_PATH = /usr/share/gconf/ubuntu.default.path
# default
MAKEFILES := 
# environment
LC_NUMERIC = zh_CN.UTF-8
# automatic
<F = $(notdir $<)
# environment
LC_MEASUREMENT = zh_CN.UTF-8
# environment
ROS_MASTER_URI = http://localhost:11311
# environment
LC_ALL = C
# environment
CONDA_PYTHON_EXE = /work/miniconda3/bin/python
# environment
GJS_DEBUG_TOPICS = JS ERROR;JS LOG
# automatic
^F = $(notdir $^)
# environment
DESKTOP_SESSION = ubuntu
# default
SUFFIXES := 
# environment
_CE_M = 
# environment
CHROME_DESKTOP = code-url-handler.desktop
# default
.INCLUDE_DIRS = /usr/include /usr/local/include /usr/include
# environment
LC_IDENTIFICATION = zh_CN.UTF-8
# default
.RECIPEPREFIX := 
# environment
LC_ADDRESS = zh_CN.UTF-8
# environment
LANG = C
# environment
VSCODE_PID = 10727
# environment
_CE_CONDA = 
# variable set hash-table stats:
 
# Load=135/1024=13%, Rehash=0, Collisions=18/157=11%

# Pattern-specific Variable Values

# No pattern-specific variable values.

# Directories

# . (device 66304, inode 525030): 7 files, no impossibilities.

# 7 files, no impossibilities in 1 directories.

# Implicit Rules

# No implicit rules.

# Files

# Not a target:
all:
#  Command line target.
#  Implicit rule search has been done.
#  File does not exist.
#  File has not been updated.

# Not a target:
Makefile:
#  Implicit rule search has been done.
#  File does not exist.
#  File has been updated.
#  Failed to be updated.

# Not a target:
makefile:
#  Implicit rule search has been done.
#  File does not exist.
#  File has been updated.
#  Failed to be updated.

# Not a target:
.DEFAULT:
#  Implicit rule search has not been done.
#  Modification time never checked.
#  File has not been updated.

# Not a target:
GNUmakefile:
#  Implicit rule search has been done.
#  File does not exist.
#  File has been updated.
#  Failed to be updated.

# files hash-table stats:
# Load=6/1024=1%, Rehash=0, Collisions=0/15=0%
# VPATH Search Paths

# No 'vpath' search paths.

# No general ('VPATH' variable) search path.

# strcache buffers: 1 (0) / strings = 15 / storage = 132 B / avg = 8 B
# current buf: size = 8162 B / used = 132 B / count = 15 / avg = 8 B

# strcache performance: lookups = 18 / hit rate = 16%
# hash-table stats:
# Load=15/8192=0%, Rehash=0, Collisions=1/18=6%
# Finished Make data base on Sat May 14 14:18:32 2022

 
